[2013-09-28 10:01:57] START
[2013-09-28 11:14:52] EDIT Purposeful_Facebook_Networks/models/db.py: 0
[2013-09-28 11:14:53] EDIT Purposeful_Facebook_Networks/models/db.py: 0
[2013-10-03 12:36:47] EDIT Purposeful_Facebook_Networks/models/db.py: 0
[2013-10-03 12:36:57] EDIT Purposeful_Facebook_Networks/models/db.py: 0
[2013-10-03 12:36:58] EDIT Purposeful_Facebook_Networks/models/db.py: 0
[2013-10-03 12:37:01] EDIT Purposeful_Facebook_Networks/models/db.py: 0
[2013-10-03 12:37:14] EDIT Purposeful_Facebook_Networks/models/db.py: 0
[2013-10-03 12:37:15] EDIT Purposeful_Facebook_Networks/models/db.py: 0
[2013-10-03 12:39:11] EDIT Purposeful_Facebook_Networks/models/db.py: 0
[2013-10-03 12:39:12] EDIT Purposeful_Facebook_Networks/models/db.py: 0
[2013-10-03 12:40:17] EDIT Purposeful_Facebook_Networks/controllers/default.py: 1
[2013-10-03 12:40:18] EDIT Purposeful_Facebook_Networks/controllers/default.py: 0
[2013-10-03 12:41:32] EDIT Purposeful_Facebook_Networks/controllers/default.py: 0
[2013-10-03 12:41:33] EDIT Purposeful_Facebook_Networks/controllers/default.py: 0
[2013-10-03 12:41:33] EDIT Purposeful_Facebook_Networks/controllers/default.py: 0
[2013-10-03 12:41:34] EDIT Purposeful_Facebook_Networks/controllers/default.py: 0
[2013-10-03 12:41:34] EDIT Purposeful_Facebook_Networks/controllers/default.py: 0
[2013-10-03 17:36:41] EDIT Purposeful_Facebook_Networks/models/db.py: 0
[2013-10-03 17:37:38] CREATE login.html: 0
[2013-10-03 17:38:07] DELETE Purposeful_Facebook_Networks/views/login.html: -3
[2013-10-03 17:38:22] CREATE default/login.html: 0
[2013-10-03 17:39:44] EDIT Purposeful_Facebook_Networks/views/default/login.html: -2
[2013-10-03 17:39:45] EDIT Purposeful_Facebook_Networks/views/default/login.html: 0
[2013-10-03 17:40:39] EDIT Purposeful_Facebook_Networks/controllers/default.py: 2
[2013-10-03 17:40:39] EDIT Purposeful_Facebook_Networks/controllers/default.py: 0
[2013-10-03 17:41:30] EDIT Purposeful_Facebook_Networks/controllers/default.py: 1
[2013-10-03 17:51:18] EDIT Purposeful_Facebook_Networks/views/default/index.html: -27
[2013-10-03 17:51:19] EDIT Purposeful_Facebook_Networks/views/default/index.html: 0
[2013-10-03 17:55:00] EDIT Purposeful_Facebook_Networks/views/default/index.html: -3
[2013-10-03 17:57:16] EDIT Purposeful_Facebook_Networks/views/default/index.html: 2
[2013-10-03 17:57:16] EDIT Purposeful_Facebook_Networks/views/default/index.html: 0
[2013-10-03 17:57:50] EDIT Purposeful_Facebook_Networks/views/default/index.html: 1
[2013-10-03 17:57:51] EDIT Purposeful_Facebook_Networks/views/default/index.html: 0
[2013-10-03 17:58:36] EDIT Purposeful_Facebook_Networks/views/default/index.html: 1
[2013-10-03 17:58:40] EDIT Purposeful_Facebook_Networks/views/default/index.html: 0
[2013-10-03 17:59:10] EDIT Purposeful_Facebook_Networks/views/default/index.html: 0
[2013-10-03 17:59:28] EDIT Purposeful_Facebook_Networks/views/default/index.html: 0
[2013-10-03 17:59:45] EDIT Purposeful_Facebook_Networks/views/default/index.html: 0
[2013-10-03 18:00:10] EDIT Purposeful_Facebook_Networks/views/default/index.html: 0
[2013-10-03 18:00:54] EDIT Purposeful_Facebook_Networks/views/default/index.html: 0
[2013-10-03 18:01:05] EDIT Purposeful_Facebook_Networks/views/default/index.html: 0
[2013-10-03 18:01:09] EDIT Purposeful_Facebook_Networks/views/default/index.html: -1
[2013-10-03 18:02:41] EDIT Purposeful_Facebook_Networks/views/default/index.html: 1
[2013-10-03 18:02:48] EDIT Purposeful_Facebook_Networks/views/default/index.html: 0
[2013-10-03 18:06:57] EDIT Purposeful_Facebook_Networks/views/default/index.html: 1
[2013-10-03 18:07:34] EDIT Purposeful_Facebook_Networks/views/default/index.html: 0
[2013-10-03 18:07:34] EDIT Purposeful_Facebook_Networks/views/default/index.html: 0
[2013-10-03 18:09:07] EDIT Purposeful_Facebook_Networks/views/default/index.html: 1
[2013-10-03 18:09:08] EDIT Purposeful_Facebook_Networks/views/default/index.html: 0
[2013-10-03 18:09:31] EDIT Purposeful_Facebook_Networks/views/default/index.html: -1
[2013-10-03 18:10:03] EDIT Purposeful_Facebook_Networks/views/default/index.html: 1
[2013-10-03 18:33:38] EDIT Purposeful_Facebook_Networks/views/default/index.html: -1
[2013-10-03 18:33:38] EDIT Purposeful_Facebook_Networks/views/default/index.html: 0
[2013-10-03 18:34:02] EDIT Purposeful_Facebook_Networks/views/default/index.html: 0
[2013-10-03 18:34:03] EDIT Purposeful_Facebook_Networks/views/default/index.html: 0
[2013-10-03 18:34:31] EDIT Purposeful_Facebook_Networks/views/default/index.html: 0
[2013-10-03 18:34:31] EDIT Purposeful_Facebook_Networks/views/default/index.html: 0
[2013-10-03 21:11:33] EDIT Purposeful_Facebook_Networks/views/default/index.html: 2
[2013-10-03 21:11:59] EDIT Purposeful_Facebook_Networks/views/default/index.html: 0
[2013-10-03 21:12:00] EDIT Purposeful_Facebook_Networks/views/default/index.html: 0
[2013-10-03 21:14:00] EDIT Purposeful_Facebook_Networks/views/default/index.html: 0
[2013-10-03 21:18:30] EDIT Purposeful_Facebook_Networks/views/default/index.html: 3
[2013-10-03 21:21:42] EDIT Purposeful_Facebook_Networks/views/default/index.html: 0
[2013-10-03 21:21:43] EDIT Purposeful_Facebook_Networks/views/default/index.html: 0
[2013-10-03 21:38:08] EDIT Purposeful_Facebook_Networks/controllers/default.py: 1
[2013-10-03 21:38:09] EDIT Purposeful_Facebook_Networks/controllers/default.py: 0
[2013-10-03 21:39:19] EDIT Purposeful_Facebook_Networks/controllers/default.py: 0
[2013-10-03 21:39:20] EDIT Purposeful_Facebook_Networks/controllers/default.py: 0
[2013-10-03 21:39:21] EDIT Purposeful_Facebook_Networks/controllers/default.py: 0
[2013-10-03 22:23:24] EDIT Purposeful_Facebook_Networks/controllers/default.py: 2
[2013-10-03 22:29:41] EDIT Purposeful_Facebook_Networks/views/default/index.html: 2
[2013-10-03 22:36:10] EDIT Purposeful_Facebook_Networks/controllers/default.py: 1
[2013-10-03 22:42:23] EDIT Purposeful_Facebook_Networks/views/default/index.html: 1
[2013-10-03 23:05:02] EDIT Purposeful_Facebook_Networks/views/default/index.html: 1
[2013-10-03 23:05:03] EDIT Purposeful_Facebook_Networks/views/default/index.html: 0
[2013-10-03 23:05:25] EDIT Purposeful_Facebook_Networks/views/default/index.html: 0
[2013-10-03 23:05:26] EDIT Purposeful_Facebook_Networks/views/default/index.html: 0
[2013-10-03 23:05:50] EDIT Purposeful_Facebook_Networks/views/default/index.html: 0
[2013-10-03 23:06:45] EDIT Purposeful_Facebook_Networks/views/default/index.html: 0
[2013-10-03 23:19:03] EDIT Purposeful_Facebook_Networks/controllers/default.py: 0
[2013-10-03 23:19:22] EDIT Purposeful_Facebook_Networks/views/default/index.html: 0
[2013-10-03 23:19:23] EDIT Purposeful_Facebook_Networks/views/default/index.html: 0
[2013-10-03 23:19:45] EDIT Purposeful_Facebook_Networks/views/default/index.html: -1
[2013-10-03 23:19:46] EDIT Purposeful_Facebook_Networks/views/default/index.html: 0
[2013-10-03 23:21:01] EDIT Purposeful_Facebook_Networks/controllers/default.py: 0
[2013-10-03 23:21:06] EDIT Purposeful_Facebook_Networks/controllers/default.py: 0
[2013-10-03 23:21:07] EDIT Purposeful_Facebook_Networks/controllers/default.py: 0
[2013-10-03 23:26:33] EDIT Purposeful_Facebook_Networks/views/default/index.html: 2
[2013-10-03 23:27:15] EDIT Purposeful_Facebook_Networks/controllers/default.py: 0
[2013-10-03 23:27:19] EDIT Purposeful_Facebook_Networks/views/default/index.html: 0
[2013-10-03 23:28:24] EDIT Purposeful_Facebook_Networks/views/default/index.html: 0
[2013-10-03 23:28:25] EDIT Purposeful_Facebook_Networks/views/default/index.html: 0
[2013-10-03 23:44:22] EDIT Purposeful_Facebook_Networks/views/default/index.html: 1
[2013-10-03 23:44:52] EDIT Purposeful_Facebook_Networks/controllers/default.py: 0
[2013-10-03 23:44:53] EDIT Purposeful_Facebook_Networks/controllers/default.py: 0
[2013-10-03 23:52:51] EDIT Purposeful_Facebook_Networks/views/default/index.html: 0
[2013-10-03 23:52:52] EDIT Purposeful_Facebook_Networks/views/default/index.html: 0
[2013-10-03 23:53:10] EDIT Purposeful_Facebook_Networks/views/default/index.html: -1
[2013-10-03 23:53:36] EDIT Purposeful_Facebook_Networks/views/default/index.html: 0
[2013-10-03 23:54:32] EDIT Purposeful_Facebook_Networks/views/default/index.html: 1
[2013-10-04 00:01:43] EDIT Purposeful_Facebook_Networks/views/default/index.html: 0
[2013-10-04 00:01:44] EDIT Purposeful_Facebook_Networks/views/default/index.html: 0
[2013-10-04 00:10:27] EDIT Purposeful_Facebook_Networks/views/default/index.html: 1
[2013-10-04 00:10:28] EDIT Purposeful_Facebook_Networks/views/default/index.html: 0
[2013-10-04 00:12:20] EDIT Purposeful_Facebook_Networks/views/default/index.html: 2
[2013-10-04 00:12:20] EDIT Purposeful_Facebook_Networks/views/default/index.html: 0
[2013-10-04 01:43:25] EDIT Purposeful_Facebook_Networks/views/default/index.html: -2
[2013-10-04 01:44:19] EDIT Purposeful_Facebook_Networks/views/default/index.html: 1
[2013-10-04 01:44:50] EDIT Purposeful_Facebook_Networks/views/default/index.html: -1
[2013-10-04 08:30:12] EDIT Purposeful_Facebook_Networks/controllers/default.py: 4
[2013-10-04 08:45:07] CREATE default/oauth.html: 0
[2013-10-04 08:45:36] EDIT Purposeful_Facebook_Networks/views/default/oauth.html: 0
[2013-10-04 08:45:37] EDIT Purposeful_Facebook_Networks/views/default/oauth.html: 0
[2013-10-04 08:46:39] EDIT Purposeful_Facebook_Networks/views/default/oauth.html: 0
[2013-10-04 08:48:22] EDIT Purposeful_Facebook_Networks/views/default/oauth.html: 5
[2013-10-04 08:48:23] EDIT Purposeful_Facebook_Networks/views/default/oauth.html: 0
[2013-10-04 08:50:08] EDIT Purposeful_Facebook_Networks/controllers/default.py: 2
[2013-10-04 08:50:09] EDIT Purposeful_Facebook_Networks/controllers/default.py: 0
[2013-10-04 08:50:11] EDIT Purposeful_Facebook_Networks/controllers/default.py: 0
[2013-10-04 08:50:49] EDIT Purposeful_Facebook_Networks/views/default/oauth.html: -2
[2013-10-04 09:10:38] EDIT Purposeful_Facebook_Networks/controllers/default.py: 3
[2013-10-04 09:13:41] EDIT Purposeful_Facebook_Networks/controllers/default.py: 5
[2013-10-04 09:13:44] EDIT Purposeful_Facebook_Networks/controllers/default.py: 0
[2013-10-04 09:14:11] EDIT Purposeful_Facebook_Networks/controllers/default.py: -1
[2013-10-04 09:14:11] EDIT Purposeful_Facebook_Networks/controllers/default.py: 0
[2013-10-04 09:15:48] EDIT Purposeful_Facebook_Networks/controllers/default.py: 1
[2013-10-04 09:16:18] EDIT Purposeful_Facebook_Networks/controllers/default.py: 1
[2013-10-04 09:16:19] EDIT Purposeful_Facebook_Networks/controllers/default.py: 0
[2013-10-04 09:17:20] EDIT Purposeful_Facebook_Networks/controllers/default.py: 0
[2013-10-04 09:17:36] EDIT Purposeful_Facebook_Networks/controllers/default.py: 0
[2013-10-04 09:26:48] EDIT Purposeful_Facebook_Networks/controllers/default.py: 0
[2013-10-04 09:27:42] DELETE Purposeful_Facebook_Networks/views/default/oauth.html: -6
[2013-10-04 09:27:55] CREATE default/myoauth.html: 0
[2013-10-04 09:28:08] EDIT Purposeful_Facebook_Networks/views/default/myoauth.html: 3
[2013-10-04 09:33:15] EDIT Purposeful_Facebook_Networks/controllers/default.py: 1
[2013-10-04 09:33:16] EDIT Purposeful_Facebook_Networks/controllers/default.py: 0
[2013-10-04 09:47:22] EDIT Purposeful_Facebook_Networks/controllers/default.py: 0
[2013-10-04 09:47:22] EDIT Purposeful_Facebook_Networks/controllers/default.py: 0
[2013-10-04 09:47:49] EDIT Purposeful_Facebook_Networks/controllers/default.py: 1
[2013-10-04 09:47:55] EDIT Purposeful_Facebook_Networks/controllers/default.py: 0
[2013-10-04 09:47:56] EDIT Purposeful_Facebook_Networks/controllers/default.py: 0
[2013-10-04 09:49:02] EDIT Purposeful_Facebook_Networks/controllers/default.py: 1
[2013-10-04 10:07:12] EDIT Purposeful_Facebook_Networks/controllers/default.py: 2
[2013-10-04 10:07:17] EDIT Purposeful_Facebook_Networks/controllers/default.py: -1
[2013-10-04 10:29:51] EDIT Purposeful_Facebook_Networks/controllers/default.py: 0
[2013-10-04 10:30:46] EDIT Purposeful_Facebook_Networks/controllers/default.py: 0
[2013-10-04 10:32:43] EDIT Purposeful_Facebook_Networks/views/default/login.html: 0
[2013-10-04 10:33:02] EDIT Purposeful_Facebook_Networks/views/default/login.html: 0
[2013-10-04 10:33:39] EDIT Purposeful_Facebook_Networks/controllers/default.py: 0
[2013-10-04 10:33:58] DELETE Purposeful_Facebook_Networks/views/default/myoauth.html: -6
[2013-10-04 10:34:06] CREATE default/oauth.html: 0
[2013-10-04 10:34:12] EDIT Purposeful_Facebook_Networks/views/default/oauth.html: 3
[2013-10-04 10:34:47] EDIT Purposeful_Facebook_Networks/views/default/login.html: 0
[2013-10-04 10:37:12] EDIT Purposeful_Facebook_Networks/controllers/default.py: 0
[2013-10-04 10:39:48] EDIT Purposeful_Facebook_Networks/controllers/default.py: 1
[2013-10-04 10:40:31] EDIT Purposeful_Facebook_Networks/controllers/default.py: 1
[2013-10-04 10:40:32] EDIT Purposeful_Facebook_Networks/controllers/default.py: 0
[2013-10-04 10:59:48] EDIT Purposeful_Facebook_Networks/controllers/default.py: 1
[2013-10-04 11:00:15] EDIT Purposeful_Facebook_Networks/controllers/default.py: 1
[2013-10-04 11:02:54] EDIT Purposeful_Facebook_Networks/controllers/default.py: 0
[2013-10-04 11:02:55] EDIT Purposeful_Facebook_Networks/controllers/default.py: 0
[2013-10-04 11:18:06] EDIT Purposeful_Facebook_Networks/controllers/default.py: 1
[2013-10-04 11:18:07] EDIT Purposeful_Facebook_Networks/controllers/default.py: 0
[2013-10-04 11:18:28] EDIT Purposeful_Facebook_Networks/controllers/default.py: 0
[2013-10-04 11:20:02] EDIT Purposeful_Facebook_Networks/controllers/default.py: 1
[2013-10-04 11:20:33] EDIT Purposeful_Facebook_Networks/controllers/default.py: 0
[2013-10-04 11:20:37] EDIT Purposeful_Facebook_Networks/models/db.py: 1
[2013-10-04 11:20:41] EDIT Purposeful_Facebook_Networks/models/db.py: 0
[2013-10-04 11:20:49] EDIT Purposeful_Facebook_Networks/controllers/default.py: 0
[2013-10-04 11:20:55] EDIT Purposeful_Facebook_Networks/controllers/default.py: 0
[2013-10-04 11:21:04] EDIT Purposeful_Facebook_Networks/controllers/default.py: 0
[2013-10-04 11:21:06] EDIT Purposeful_Facebook_Networks/controllers/default.py: 0
[2013-10-04 11:21:27] EDIT Purposeful_Facebook_Networks/controllers/default.py: 0
[2013-10-04 11:21:28] EDIT Purposeful_Facebook_Networks/controllers/default.py: 0
[2013-10-04 11:24:43] EDIT Purposeful_Facebook_Networks/controllers/default.py: 1
[2013-10-04 11:24:49] EDIT Purposeful_Facebook_Networks/controllers/default.py: 0
[2013-10-04 11:24:50] EDIT Purposeful_Facebook_Networks/controllers/default.py: 0
[2013-10-04 11:25:04] EDIT Purposeful_Facebook_Networks/controllers/default.py: 0
[2013-10-04 11:25:10] EDIT Purposeful_Facebook_Networks/controllers/default.py: 0
[2013-10-04 11:25:37] EDIT Purposeful_Facebook_Networks/controllers/default.py: 1
[2013-10-04 11:25:52] EDIT Purposeful_Facebook_Networks/controllers/default.py: 0
[2013-10-04 11:25:53] EDIT Purposeful_Facebook_Networks/controllers/default.py: 0
[2013-10-04 11:27:30] EDIT Purposeful_Facebook_Networks/controllers/default.py: 2
[2013-10-04 11:27:31] EDIT Purposeful_Facebook_Networks/controllers/default.py: 0
[2013-10-04 11:28:18] EDIT Purposeful_Facebook_Networks/controllers/default.py: 0
[2013-10-04 11:28:19] EDIT Purposeful_Facebook_Networks/controllers/default.py: 0
[2013-10-04 11:28:41] EDIT Purposeful_Facebook_Networks/controllers/default.py: 0
[2013-10-04 11:28:42] EDIT Purposeful_Facebook_Networks/controllers/default.py: 0
[2013-10-04 13:04:25] EDIT Purposeful_Facebook_Networks/controllers/default.py: 3
[2013-10-04 13:04:38] EDIT Purposeful_Facebook_Networks/controllers/default.py: 1
[2013-10-04 13:07:30] EDIT Purposeful_Facebook_Networks/controllers/default.py: 0
[2013-10-04 13:07:31] EDIT Purposeful_Facebook_Networks/controllers/default.py: 0
[2013-10-04 13:09:59] EDIT Purposeful_Facebook_Networks/controllers/default.py: 2
[2013-10-04 13:13:40] EDIT Purposeful_Facebook_Networks/controllers/default.py: 0
[2013-10-04 13:14:04] EDIT Purposeful_Facebook_Networks/controllers/default.py: 0
[2013-10-04 13:14:05] EDIT Purposeful_Facebook_Networks/controllers/default.py: 0
[2013-10-04 13:16:19] EDIT Purposeful_Facebook_Networks/controllers/default.py: 3
[2013-10-04 13:16:21] EDIT Purposeful_Facebook_Networks/controllers/default.py: 0
[2013-10-04 13:17:43] EDIT Purposeful_Facebook_Networks/controllers/default.py: 2
[2013-10-04 13:17:45] EDIT Purposeful_Facebook_Networks/controllers/default.py: 0
[2013-10-04 13:18:44] EDIT Purposeful_Facebook_Networks/controllers/default.py: 0
[2013-10-04 13:18:45] EDIT Purposeful_Facebook_Networks/controllers/default.py: 0
[2013-10-04 13:19:07] EDIT Purposeful_Facebook_Networks/controllers/default.py: 0
[2013-10-04 13:19:08] EDIT Purposeful_Facebook_Networks/controllers/default.py: 0
[2013-10-04 13:20:14] EDIT Purposeful_Facebook_Networks/controllers/default.py: 1
[2013-10-04 13:20:15] EDIT Purposeful_Facebook_Networks/controllers/default.py: 0
[2013-10-04 13:22:12] EDIT Purposeful_Facebook_Networks/controllers/default.py: 3
[2013-10-04 13:22:42] EDIT Purposeful_Facebook_Networks/controllers/default.py: 1
[2013-10-04 13:22:57] EDIT Purposeful_Facebook_Networks/controllers/default.py: 2
[2013-10-04 13:22:58] EDIT Purposeful_Facebook_Networks/controllers/default.py: 0
[2013-10-04 13:27:40] EDIT Purposeful_Facebook_Networks/controllers/default.py: 4
[2013-10-04 13:28:17] EDIT Purposeful_Facebook_Networks/controllers/default.py: 1
[2013-10-04 13:28:18] EDIT Purposeful_Facebook_Networks/controllers/default.py: 0
[2013-10-04 13:31:41] EDIT Purposeful_Facebook_Networks/controllers/default.py: 0
[2013-10-04 13:31:42] EDIT Purposeful_Facebook_Networks/controllers/default.py: 0
[2013-10-04 13:41:34] EDIT Purposeful_Facebook_Networks/controllers/default.py: 3
[2013-10-04 13:41:35] EDIT Purposeful_Facebook_Networks/controllers/default.py: 0
[2013-10-04 13:46:15] EDIT Purposeful_Facebook_Networks/controllers/default.py: 1
[2013-10-04 13:46:18] EDIT Purposeful_Facebook_Networks/controllers/default.py: 0
[2013-10-04 13:46:20] EDIT Purposeful_Facebook_Networks/controllers/default.py: 0
[2013-10-04 14:58:01] EDIT Purposeful_Facebook_Networks/controllers/default.py: 0
[2013-10-04 14:58:02] EDIT Purposeful_Facebook_Networks/controllers/default.py: 0
[2013-10-04 15:00:25] EDIT Purposeful_Facebook_Networks/controllers/default.py: 7
[2013-10-04 15:00:38] EDIT Purposeful_Facebook_Networks/controllers/default.py: 0
[2013-10-04 15:00:38] EDIT Purposeful_Facebook_Networks/controllers/default.py: 0
[2013-10-04 15:01:33] EDIT Purposeful_Facebook_Networks/controllers/default.py: -1
[2013-10-04 15:01:33] EDIT Purposeful_Facebook_Networks/controllers/default.py: 0
[2013-10-04 15:08:33] EDIT Purposeful_Facebook_Networks/controllers/default.py: 0
[2013-10-04 15:08:35] EDIT Purposeful_Facebook_Networks/controllers/default.py: 0
[2013-10-06 21:22:57] EDIT Purposeful_Facebook_Networks/controllers/default.py: 3
[2013-10-06 21:34:45] EDIT Purposeful_Facebook_Networks/controllers/default.py: 2
[2013-10-06 21:34:46] EDIT Purposeful_Facebook_Networks/controllers/default.py: 0
[2013-10-06 21:36:20] EDIT Purposeful_Facebook_Networks/controllers/default.py: 1
[2013-10-06 21:36:24] EDIT Purposeful_Facebook_Networks/controllers/default.py: 0
[2013-10-06 21:36:25] EDIT Purposeful_Facebook_Networks/controllers/default.py: 0
[2013-10-06 21:46:25] EDIT Purposeful_Facebook_Networks/controllers/default.py: 0
[2013-10-06 21:46:26] EDIT Purposeful_Facebook_Networks/controllers/default.py: 0
[2013-10-06 21:46:56] EDIT Purposeful_Facebook_Networks/controllers/default.py: 0
[2013-10-06 21:46:57] EDIT Purposeful_Facebook_Networks/controllers/default.py: 0
[2013-10-06 21:47:26] EDIT Purposeful_Facebook_Networks/controllers/default.py: 0
[2013-10-06 21:47:27] EDIT Purposeful_Facebook_Networks/controllers/default.py: 0
[2013-10-06 21:47:59] EDIT Purposeful_Facebook_Networks/controllers/default.py: 0
[2013-10-06 21:47:59] EDIT Purposeful_Facebook_Networks/controllers/default.py: 0
[2013-10-06 21:48:47] EDIT Purposeful_Facebook_Networks/controllers/default.py: 0
[2013-10-06 23:48:39] EDIT Purposeful_Facebook_Networks/controllers/default.py: 0
[2013-10-06 23:48:40] EDIT Purposeful_Facebook_Networks/controllers/default.py: 0
[2013-10-07 01:19:08] EDIT Purposeful_Facebook_Networks/controllers/default.py: 2
[2013-10-07 01:22:21] EDIT Purposeful_Facebook_Networks/controllers/default.py: 0
[2013-10-07 01:22:21] EDIT Purposeful_Facebook_Networks/controllers/default.py: 0
[2013-10-07 01:22:49] EDIT Purposeful_Facebook_Networks/controllers/default.py: 0
[2013-10-07 01:32:00] EDIT Purposeful_Facebook_Networks/controllers/default.py: 0
[2013-10-07 01:32:01] EDIT Purposeful_Facebook_Networks/controllers/default.py: 0
[2013-10-07 01:34:18] EDIT Purposeful_Facebook_Networks/controllers/default.py: 1
[2013-10-07 01:34:19] EDIT Purposeful_Facebook_Networks/controllers/default.py: 0
[2013-10-07 01:41:43] EDIT Purposeful_Facebook_Networks/controllers/default.py: 2
[2013-10-07 01:41:44] EDIT Purposeful_Facebook_Networks/controllers/default.py: 0
[2013-10-07 01:41:45] EDIT Purposeful_Facebook_Networks/controllers/default.py: 0
[2013-10-07 01:41:46] EDIT Purposeful_Facebook_Networks/controllers/default.py: 0
[2013-10-07 01:41:47] EDIT Purposeful_Facebook_Networks/controllers/default.py: 0
[2013-10-07 01:42:51] EDIT Purposeful_Facebook_Networks/controllers/default.py: 0
[2013-10-07 01:43:37] EDIT Purposeful_Facebook_Networks/controllers/default.py: 0
[2013-10-07 01:43:38] EDIT Purposeful_Facebook_Networks/controllers/default.py: 0
[2013-10-07 01:45:55] EDIT Purposeful_Facebook_Networks/controllers/default.py: 1
[2013-10-07 01:45:56] EDIT Purposeful_Facebook_Networks/controllers/default.py: 0
[2013-10-07 01:46:13] EDIT Purposeful_Facebook_Networks/controllers/default.py: 1
[2013-10-07 01:46:15] EDIT Purposeful_Facebook_Networks/controllers/default.py: 0
[2013-10-07 01:46:30] EDIT Purposeful_Facebook_Networks/controllers/default.py: 1
[2013-10-07 01:46:31] EDIT Purposeful_Facebook_Networks/controllers/default.py: 0
[2013-10-07 01:46:32] EDIT Purposeful_Facebook_Networks/controllers/default.py: 0
[2013-10-07 01:47:12] EDIT Purposeful_Facebook_Networks/controllers/default.py: 0
[2013-10-07 01:47:12] EDIT Purposeful_Facebook_Networks/controllers/default.py: 0
[2013-10-07 01:47:34] EDIT Purposeful_Facebook_Networks/controllers/default.py: 0
[2013-10-07 01:47:35] EDIT Purposeful_Facebook_Networks/controllers/default.py: 0
[2013-10-07 01:48:28] EDIT Purposeful_Facebook_Networks/controllers/default.py: 0
[2013-10-07 01:48:28] EDIT Purposeful_Facebook_Networks/controllers/default.py: 0
[2013-10-07 01:48:59] EDIT Purposeful_Facebook_Networks/controllers/default.py: -1
[2013-10-07 01:49:00] EDIT Purposeful_Facebook_Networks/controllers/default.py: 0
[2013-10-07 01:49:44] EDIT Purposeful_Facebook_Networks/controllers/default.py: 0
[2013-10-07 01:49:45] EDIT Purposeful_Facebook_Networks/controllers/default.py: 0
[2013-10-07 01:50:04] EDIT Purposeful_Facebook_Networks/controllers/default.py: 0
[2013-10-07 01:50:05] EDIT Purposeful_Facebook_Networks/controllers/default.py: 0
[2013-10-07 01:50:49] EDIT Purposeful_Facebook_Networks/controllers/default.py: 1
[2013-10-07 01:50:49] EDIT Purposeful_Facebook_Networks/controllers/default.py: 0
[2013-10-07 01:50:54] EDIT Purposeful_Facebook_Networks/controllers/default.py: 0
[2013-10-07 01:50:55] EDIT Purposeful_Facebook_Networks/controllers/default.py: 0
[2013-10-07 10:03:41] EDIT Purposeful_Facebook_Networks/controllers/default.py: 6
[2013-10-07 10:04:17] CREATE d.html: 0
[2013-10-07 10:04:37] DELETE Purposeful_Facebook_Networks/views/d.html: -3
[2013-10-07 10:04:57] CREATE default/add_page.html: 0
[2013-10-07 10:05:11] EDIT Purposeful_Facebook_Networks/views/default/add_page.html: -1
[2013-10-07 10:05:12] EDIT Purposeful_Facebook_Networks/views/default/add_page.html: 0
[2013-10-07 10:06:49] EDIT Purposeful_Facebook_Networks/views/default/add_page.html: -1
[2013-10-07 10:07:59] EDIT Purposeful_Facebook_Networks/controllers/default.py: 1
[2013-10-07 10:08:00] EDIT Purposeful_Facebook_Networks/controllers/default.py: 0
[2013-10-07 10:08:25] EDIT Purposeful_Facebook_Networks/views/default/add_page.html: 1
[2013-10-07 10:25:23] EDIT Purposeful_Facebook_Networks/models/db.py: 8
[2013-10-07 10:25:24] EDIT Purposeful_Facebook_Networks/models/db.py: 0
[2013-10-07 10:26:35] EDIT Purposeful_Facebook_Networks/controllers/default.py: 1
[2013-10-07 10:26:36] EDIT Purposeful_Facebook_Networks/controllers/default.py: 0
[2013-10-07 10:26:38] EDIT Purposeful_Facebook_Networks/controllers/default.py: 0
[2013-10-07 10:27:00] EDIT Purposeful_Facebook_Networks/models/db.py: 0
[2013-10-07 10:27:01] EDIT Purposeful_Facebook_Networks/models/db.py: 0
[2013-10-07 10:27:07] EDIT Purposeful_Facebook_Networks/models/db.py: 0
[2013-10-07 10:27:07] EDIT Purposeful_Facebook_Networks/models/db.py: 0
[2013-10-07 10:27:08] EDIT Purposeful_Facebook_Networks/models/db.py: 0
[2013-10-07 10:28:38] EDIT Purposeful_Facebook_Networks/controllers/default.py: 0
[2013-10-07 10:28:39] EDIT Purposeful_Facebook_Networks/controllers/default.py: 0
[2013-10-07 10:32:34] EDIT Purposeful_Facebook_Networks/controllers/default.py: 5
[2013-10-07 10:32:34] EDIT Purposeful_Facebook_Networks/controllers/default.py: 0
[2013-10-07 10:33:21] EDIT Purposeful_Facebook_Networks/models/db.py: 1
[2013-10-07 10:33:22] EDIT Purposeful_Facebook_Networks/models/db.py: 0
[2013-10-07 10:40:23] EDIT Purposeful_Facebook_Networks/controllers/default.py: 8
[2013-10-07 10:40:23] EDIT Purposeful_Facebook_Networks/controllers/default.py: 0
[2013-10-07 10:40:24] EDIT Purposeful_Facebook_Networks/controllers/default.py: 0
[2013-10-07 10:44:41] EDIT Purposeful_Facebook_Networks/controllers/default.py: 0
[2013-10-07 10:44:42] EDIT Purposeful_Facebook_Networks/controllers/default.py: 0
[2013-10-07 11:04:55] EDIT Purposeful_Facebook_Networks/controllers/default.py: 15
[2013-10-07 11:05:01] EDIT Purposeful_Facebook_Networks/controllers/default.py: 0
[2013-10-07 11:05:52] EDIT Purposeful_Facebook_Networks/controllers/default.py: 0
[2013-10-07 11:05:53] EDIT Purposeful_Facebook_Networks/controllers/default.py: 0
[2013-10-07 11:06:50] EDIT Purposeful_Facebook_Networks/controllers/default.py: 0
[2013-10-07 11:07:04] EDIT Purposeful_Facebook_Networks/controllers/default.py: 0
[2013-10-07 11:07:05] EDIT Purposeful_Facebook_Networks/controllers/default.py: 0
[2013-10-07 11:07:34] EDIT Purposeful_Facebook_Networks/controllers/default.py: 0
[2013-10-07 11:07:35] EDIT Purposeful_Facebook_Networks/controllers/default.py: 0
[2013-10-07 11:08:22] EDIT Purposeful_Facebook_Networks/controllers/default.py: 2
[2013-10-07 11:08:23] EDIT Purposeful_Facebook_Networks/controllers/default.py: 0
[2013-10-07 11:09:01] EDIT Purposeful_Facebook_Networks/controllers/default.py: 0
[2013-10-07 11:09:27] EDIT Purposeful_Facebook_Networks/controllers/default.py: 2
[2013-10-07 11:09:28] EDIT Purposeful_Facebook_Networks/controllers/default.py: 0
[2013-10-07 11:09:29] EDIT Purposeful_Facebook_Networks/controllers/default.py: 0
[2013-10-07 11:09:35] EDIT Purposeful_Facebook_Networks/controllers/default.py: 0
[2013-10-07 11:10:11] CREATE default/search.html: 0
[2013-10-07 11:10:23] EDIT Purposeful_Facebook_Networks/views/default/search.html: -1
[2013-10-07 11:10:24] EDIT Purposeful_Facebook_Networks/views/default/search.html: 0
[2013-10-07 11:10:58] EDIT Purposeful_Facebook_Networks/views/default/search.html: 0
[2013-10-07 11:12:29] CREATE default/search_results.html: 0
[2013-10-07 11:12:40] EDIT Purposeful_Facebook_Networks/views/default/search_results.html: -1
[2013-10-07 11:13:19] EDIT Purposeful_Facebook_Networks/controllers/default.py: 0
[2013-10-07 11:13:33] EDIT Purposeful_Facebook_Networks/views/default/search_results.html: 0
[2013-10-07 11:13:34] EDIT Purposeful_Facebook_Networks/views/default/search_results.html: 0
[2013-10-07 13:33:56] EDIT Purposeful_Facebook_Networks/controllers/default.py: 1
[2013-10-07 13:34:34] EDIT Purposeful_Facebook_Networks/views/default/search_results.html: 1
[2013-10-07 13:34:34] EDIT Purposeful_Facebook_Networks/views/default/search_results.html: 0
[2013-10-07 13:35:26] EDIT Purposeful_Facebook_Networks/controllers/default.py: 0
[2013-10-07 13:35:27] EDIT Purposeful_Facebook_Networks/controllers/default.py: 0
[2013-10-07 13:36:42] EDIT Purposeful_Facebook_Networks/controllers/default.py: 0
[2013-10-07 13:36:42] EDIT Purposeful_Facebook_Networks/controllers/default.py: 0
[2013-10-07 13:37:45] EDIT Purposeful_Facebook_Networks/views/default/search_results.html: 0
[2013-10-07 13:37:55] EDIT Purposeful_Facebook_Networks/views/default/search_results.html: 0
[2013-10-07 13:46:38] EDIT Purposeful_Facebook_Networks/controllers/default.py: 16
[2013-10-07 13:46:39] EDIT Purposeful_Facebook_Networks/controllers/default.py: 0
[2013-10-07 13:47:15] EDIT Purposeful_Facebook_Networks/views/default/search_results.html: 1
[2013-10-07 13:47:16] EDIT Purposeful_Facebook_Networks/views/default/search_results.html: 0
[2013-10-07 13:49:20] EDIT Purposeful_Facebook_Networks/controllers/default.py: 0
[2013-10-07 13:49:39] CREATE default/send_link.html: 0
[2013-10-07 13:50:41] EDIT Purposeful_Facebook_Networks/views/default/send_link.html: 0
[2013-10-07 13:51:08] EDIT Purposeful_Facebook_Networks/controllers/default.py: 0
[2013-10-07 13:51:10] EDIT Purposeful_Facebook_Networks/controllers/default.py: 0
[2013-10-07 13:51:10] EDIT Purposeful_Facebook_Networks/controllers/default.py: 0
[2013-10-07 13:51:37] EDIT Purposeful_Facebook_Networks/controllers/default.py: 0
[2013-10-07 13:51:39] EDIT Purposeful_Facebook_Networks/controllers/default.py: 0
[2013-10-07 13:51:40] EDIT Purposeful_Facebook_Networks/controllers/default.py: 0
[2013-10-07 13:51:41] EDIT Purposeful_Facebook_Networks/controllers/default.py: 0
[2013-10-07 13:52:03] EDIT Purposeful_Facebook_Networks/views/default/send_link.html: -1
[2013-10-07 13:52:03] EDIT Purposeful_Facebook_Networks/views/default/send_link.html: 0
[2013-10-07 13:53:34] EDIT Purposeful_Facebook_Networks/controllers/default.py: 1
[2013-10-07 13:53:35] EDIT Purposeful_Facebook_Networks/controllers/default.py: 0
[2013-10-07 13:53:51] EDIT Purposeful_Facebook_Networks/controllers/default.py: 0
[2013-10-07 13:54:01] EDIT Purposeful_Facebook_Networks/controllers/default.py: 0
[2013-10-07 13:55:15] EDIT Purposeful_Facebook_Networks/views/default/send_link.html: -1
[2013-10-07 13:55:16] EDIT Purposeful_Facebook_Networks/views/default/send_link.html: 0
[2013-10-07 13:55:36] EDIT Purposeful_Facebook_Networks/controllers/default.py: 1
[2013-10-07 13:55:38] EDIT Purposeful_Facebook_Networks/controllers/default.py: 0
[2013-10-07 13:56:13] EDIT Purposeful_Facebook_Networks/controllers/default.py: 0
[2013-10-07 13:56:14] EDIT Purposeful_Facebook_Networks/controllers/default.py: 0
[2013-10-07 13:57:07] EDIT Purposeful_Facebook_Networks/controllers/default.py: 0
[2013-10-07 13:57:13] EDIT Purposeful_Facebook_Networks/controllers/default.py: 0
[2013-10-07 13:58:11] EDIT Purposeful_Facebook_Networks/controllers/default.py: 0
[2013-10-07 13:58:11] EDIT Purposeful_Facebook_Networks/controllers/default.py: 0
[2013-10-07 13:59:15] EDIT Purposeful_Facebook_Networks/controllers/default.py: 2
[2013-10-07 13:59:16] EDIT Purposeful_Facebook_Networks/controllers/default.py: 0
[2013-10-07 13:59:17] EDIT Purposeful_Facebook_Networks/controllers/default.py: 0
[2013-10-07 14:00:04] EDIT Purposeful_Facebook_Networks/controllers/default.py: 0
[2013-10-07 14:00:04] EDIT Purposeful_Facebook_Networks/controllers/default.py: 0
[2013-10-07 14:00:05] EDIT Purposeful_Facebook_Networks/controllers/default.py: 0
[2013-10-07 14:09:11] EDIT Purposeful_Facebook_Networks/controllers/default.py: 1
[2013-10-07 14:09:21] EDIT Purposeful_Facebook_Networks/controllers/default.py: 1
[2013-10-07 14:09:22] EDIT Purposeful_Facebook_Networks/controllers/default.py: 0
[2013-10-07 14:10:41] EDIT Purposeful_Facebook_Networks/controllers/default.py: 1
[2013-10-07 14:10:42] EDIT Purposeful_Facebook_Networks/controllers/default.py: 0
[2013-10-07 14:10:43] EDIT Purposeful_Facebook_Networks/controllers/default.py: 0
[2013-10-07 14:10:49] EDIT Purposeful_Facebook_Networks/controllers/default.py: 0
[2013-10-07 14:10:51] EDIT Purposeful_Facebook_Networks/controllers/default.py: 0
[2013-10-07 14:10:59] EDIT Purposeful_Facebook_Networks/controllers/default.py: 1
[2013-10-07 14:11:00] EDIT Purposeful_Facebook_Networks/controllers/default.py: 0
[2013-10-07 14:11:53] EDIT Purposeful_Facebook_Networks/controllers/default.py: 0
[2013-10-07 14:11:54] EDIT Purposeful_Facebook_Networks/controllers/default.py: 0
[2013-10-07 14:13:03] EDIT Purposeful_Facebook_Networks/controllers/default.py: 0
[2013-10-07 14:13:04] EDIT Purposeful_Facebook_Networks/controllers/default.py: 0
[2013-10-07 14:23:24] EDIT Purposeful_Facebook_Networks/controllers/default.py: 4
[2013-10-07 14:23:32] EDIT Purposeful_Facebook_Networks/controllers/default.py: 0
[2013-10-07 14:24:17] EDIT Purposeful_Facebook_Networks/controllers/default.py: 0
[2013-10-07 14:24:17] EDIT Purposeful_Facebook_Networks/controllers/default.py: 0
[2013-10-07 14:24:48] EDIT Purposeful_Facebook_Networks/controllers/default.py: 0
[2013-10-07 14:24:49] EDIT Purposeful_Facebook_Networks/controllers/default.py: 0
[2013-10-07 14:28:49] EDIT Purposeful_Facebook_Networks/controllers/default.py: 4
[2013-10-07 14:28:50] EDIT Purposeful_Facebook_Networks/controllers/default.py: 0
[2013-10-07 14:28:51] EDIT Purposeful_Facebook_Networks/controllers/default.py: 0
[2013-10-07 14:31:43] EDIT Purposeful_Facebook_Networks/controllers/default.py: 0
[2013-10-07 14:31:43] EDIT Purposeful_Facebook_Networks/controllers/default.py: 0
[2013-10-07 14:33:19] EDIT Purposeful_Facebook_Networks/controllers/default.py: 0
[2013-10-07 14:33:20] EDIT Purposeful_Facebook_Networks/controllers/default.py: 0
[2013-10-07 14:39:52] EDIT Purposeful_Facebook_Networks/controllers/default.py: 0
[2013-10-07 14:40:14] EDIT Purposeful_Facebook_Networks/controllers/default.py: 0
[2013-10-07 14:40:15] EDIT Purposeful_Facebook_Networks/controllers/default.py: 0
[2013-10-07 14:40:32] EDIT Purposeful_Facebook_Networks/controllers/default.py: 1
[2013-10-07 14:40:32] EDIT Purposeful_Facebook_Networks/controllers/default.py: 0
[2013-10-07 14:47:51] EDIT Purposeful_Facebook_Networks/controllers/default.py: 0
[2013-10-07 14:47:53] EDIT Purposeful_Facebook_Networks/controllers/default.py: 0
[2013-10-07 14:47:54] EDIT Purposeful_Facebook_Networks/controllers/default.py: 0
[2013-10-07 14:47:56] EDIT Purposeful_Facebook_Networks/controllers/default.py: 0
[2013-10-07 14:50:18] EDIT Purposeful_Facebook_Networks/controllers/default.py: 1
[2013-10-07 14:50:19] EDIT Purposeful_Facebook_Networks/controllers/default.py: 0
[2013-10-07 14:51:32] EDIT Purposeful_Facebook_Networks/controllers/default.py: 0
[2013-10-07 14:51:33] EDIT Purposeful_Facebook_Networks/controllers/default.py: 0
[2013-10-07 14:56:19] EDIT Purposeful_Facebook_Networks/controllers/default.py: 1
[2013-10-07 14:56:20] EDIT Purposeful_Facebook_Networks/controllers/default.py: 0
[2013-10-07 15:01:37] EDIT Purposeful_Facebook_Networks/controllers/default.py: 0
[2013-10-07 15:05:27] EDIT Purposeful_Facebook_Networks/controllers/default.py: 1
[2013-10-07 15:05:28] EDIT Purposeful_Facebook_Networks/controllers/default.py: 0
[2013-10-07 15:05:49] EDIT Purposeful_Facebook_Networks/controllers/default.py: 0
[2013-10-07 15:05:50] EDIT Purposeful_Facebook_Networks/controllers/default.py: 0
[2013-10-07 15:05:54] EDIT Purposeful_Facebook_Networks/controllers/default.py: 0
[2013-10-07 15:05:56] EDIT Purposeful_Facebook_Networks/controllers/default.py: 0
[2013-10-07 15:05:58] EDIT Purposeful_Facebook_Networks/controllers/default.py: 0
[2013-10-07 15:14:33] EDIT Purposeful_Facebook_Networks/controllers/default.py: 0
[2013-10-07 15:15:51] EDIT Purposeful_Facebook_Networks/controllers/default.py: 0
[2013-10-07 15:22:27] EDIT Purposeful_Facebook_Networks/controllers/default.py: 0
[2013-10-07 15:22:27] EDIT Purposeful_Facebook_Networks/controllers/default.py: 0
[2013-10-07 15:23:04] EDIT Purposeful_Facebook_Networks/controllers/default.py: 2
[2013-10-07 15:23:05] EDIT Purposeful_Facebook_Networks/controllers/default.py: 0
[2013-10-07 15:23:18] EDIT Purposeful_Facebook_Networks/controllers/default.py: 0
[2013-10-07 15:26:47] EDIT Purposeful_Facebook_Networks/controllers/default.py: 4
[2013-10-07 15:26:48] EDIT Purposeful_Facebook_Networks/controllers/default.py: 0
[2013-10-07 15:36:54] EDIT Purposeful_Facebook_Networks/controllers/default.py: 0
[2013-10-07 15:36:55] EDIT Purposeful_Facebook_Networks/controllers/default.py: 0
[2013-10-07 15:49:28] EDIT Purposeful_Facebook_Networks/controllers/default.py: 1
[2013-10-07 15:49:28] EDIT Purposeful_Facebook_Networks/controllers/default.py: 0
[2013-10-07 15:50:59] EDIT Purposeful_Facebook_Networks/controllers/default.py: 0
[2013-10-07 15:52:43] EDIT Purposeful_Facebook_Networks/controllers/default.py: 2
[2013-10-07 15:53:05] EDIT Purposeful_Facebook_Networks/controllers/default.py: 1
[2013-10-07 15:53:06] EDIT Purposeful_Facebook_Networks/controllers/default.py: 0
[2013-10-07 15:53:54] EDIT Purposeful_Facebook_Networks/controllers/default.py: 0
[2013-10-07 15:53:55] EDIT Purposeful_Facebook_Networks/controllers/default.py: 0
[2013-10-07 16:00:08] EDIT Purposeful_Facebook_Networks/controllers/default.py: 3
[2013-10-07 16:00:10] EDIT Purposeful_Facebook_Networks/controllers/default.py: 0
[2013-10-07 16:00:24] EDIT Purposeful_Facebook_Networks/controllers/default.py: 0
[2013-10-07 16:00:25] EDIT Purposeful_Facebook_Networks/controllers/default.py: 0
[2013-10-07 16:00:32] EDIT Purposeful_Facebook_Networks/controllers/default.py: 0
[2013-10-07 16:01:33] EDIT Purposeful_Facebook_Networks/controllers/default.py: 0
[2013-10-07 16:01:34] EDIT Purposeful_Facebook_Networks/controllers/default.py: 0
